Determining if the pthread_create exist failed with the following output:
Change Dir: /home/luis/catkin_ws/build/catkin_tools_prebuild/CMakeFiles/CMakeTmp

Run Build Command:"/usr/bin/make" "cmTC_38442/fast"
/usr/bin/make -f CMakeFiles/cmTC_38442.dir/build.make CMakeFiles/cmTC_38442.dir/build
make[1]: se entra en el directorio '/home/luis/catkin_ws/build/catkin_tools_prebuild/CMakeFiles/CMakeTmp'
Building C object CMakeFiles/cmTC_38442.dir/CheckSymbolExists.c.o
/usr/bin/cc     -o CMakeFiles/cmTC_38442.dir/CheckSymbolExists.c.o   -c /home/luis/catkin_ws/build/catkin_tools_prebuild/CMakeFiles/CMakeTmp/CheckSymbolExists.c
Linking C executable cmTC_38442
/usr/bin/cmake -E cmake_link_script CMakeFiles/cmTC_38442.dir/link.txt --verbose=1
/usr/bin/cc       CMakeFiles/cmTC_38442.dir/CheckSymbolExists.c.o  -o cmTC_38442 -rdynamic 
CMakeFiles/cmTC_38442.dir/CheckSymbolExists.c.o: En la función `main':
CheckSymbolExists.c:(.text+0x16): referencia a `pthread_create' sin definir
collect2: error: ld returned 1 exit status
CMakeFiles/cmTC_38442.dir/build.make:97: fallo en las instrucciones para el objetivo 'cmTC_38442'
make[1]: *** [cmTC_38442] Error 1
make[1]: se sale del directorio '/home/luis/catkin_ws/build/catkin_tools_prebuild/CMakeFiles/CMakeTmp'
Makefile:126: fallo en las instrucciones para el objetivo 'cmTC_38442/fast'
make: *** [cmTC_38442/fast] Error 2

File /home/luis/catkin_ws/build/catkin_tools_prebuild/CMakeFiles/CMakeTmp/CheckSymbolExists.c:
/* */
#include <pthread.h>

int main(int argc, char** argv)
{
  (void)argv;
#ifndef pthread_create
  return ((int*)(&pthread_create))[argc];
#else
  (void)argc;
  return 0;
#endif
}

Determining if the function pthread_create exists in the pthreads failed with the following output:
Change Dir: /home/luis/catkin_ws/build/catkin_tools_prebuild/CMakeFiles/CMakeTmp

Run Build Command:"/usr/bin/make" "cmTC_00fcf/fast"
/usr/bin/make -f CMakeFiles/cmTC_00fcf.dir/build.make CMakeFiles/cmTC_00fcf.dir/build
make[1]: se entra en el directorio '/home/luis/catkin_ws/build/catkin_tools_prebuild/CMakeFiles/CMakeTmp'
Building C object CMakeFiles/cmTC_00fcf.dir/CheckFunctionExists.c.o
/usr/bin/cc    -DCHECK_FUNCTION_EXISTS=pthread_create   -o CMakeFiles/cmTC_00fcf.dir/CheckFunctionExists.c.o   -c /usr/share/cmake-3.5/Modules/CheckFunctionExists.c
Linking C executable cmTC_00fcf
/usr/bin/cmake -E cmake_link_script CMakeFiles/cmTC_00fcf.dir/link.txt --verbose=1
/usr/bin/cc   -DCHECK_FUNCTION_EXISTS=pthread_create    CMakeFiles/cmTC_00fcf.dir/CheckFunctionExists.c.o  -o cmTC_00fcf -rdynamic -lpthreads 
/usr/bin/ld: no se puede encontrar -lpthreads
collect2: error: ld returned 1 exit status
CMakeFiles/cmTC_00fcf.dir/build.make:97: fallo en las instrucciones para el objetivo 'cmTC_00fcf'
make[1]: *** [cmTC_00fcf] Error 1
make[1]: se sale del directorio '/home/luis/catkin_ws/build/catkin_tools_prebuild/CMakeFiles/CMakeTmp'
Makefile:126: fallo en las instrucciones para el objetivo 'cmTC_00fcf/fast'
make: *** [cmTC_00fcf/fast] Error 2


