[33m[1mCMake Warning[0m at /opt/ros/kinetic/share/catkin/cmake/catkinConfig.cmake:76 (find_package):
  Could not find a package configuration file provided by
  "message_generationn" with any of the following names:

    message_generationnConfig.cmake
    message_generationn-config.cmake

  Add the installation prefix of "message_generationn" to CMAKE_PREFIX_PATH
  or set "message_generationn_DIR" to a directory containing one of the above
  files.  If "message_generationn" provides a separate development package or
  SDK, be sure it has been installed.
[36mCall Stack (most recent call first):[0m
  CMakeLists.txt:10 (find_package)


[31m[1mCMake Error[0m at /opt/ros/kinetic/share/catkin/cmake/catkinConfig.cmake:83 (find_package):
  Could not find a package configuration file provided by
  "message_generationn" with any of the following names:

    message_generationnConfig.cmake
    message_generationn-config.cmake

  Add the installation prefix of "message_generationn" to CMAKE_PREFIX_PATH
  or set "message_generationn_DIR" to a directory containing one of the above
  files.  If "message_generationn" provides a separate development package or
  SDK, be sure it has been installed.
[36mCall Stack (most recent call first):[0m
  CMakeLists.txt:10 (find_package)


make: *** [cmake_check_build_system] Error 1
