[01m[K/home/luis/catkin_ws/src/beginner_tutorials/src/nodo_receptor.cpp:20:1:[m[K [01;31m[Kerror: [m[Kstray ‘[01m[K\303[m[K’ in program
 función manejadora: funcionCallback
[01;32m[K ^[m[K
[01m[K/home/luis/catkin_ws/src/beginner_tutorials/src/nodo_receptor.cpp:20:1:[m[K [01;31m[Kerror: [m[Kstray ‘[01m[K\263[m[K’ in program
[01m[K/home/luis/catkin_ws/src/beginner_tutorials/src/nodo_receptor.cpp:[m[K In function ‘[01m[Kint main(int, char**)[m[K’:
[01m[K/home/luis/catkin_ws/src/beginner_tutorials/src/nodo_receptor.cpp:20:1:[m[K [01;31m[Kerror: [m[K‘[01m[Kfunci[m[K’ was not declared in this scope
make[2]: *** [CMakeFiles/nodo_receptor.dir/src/nodo_receptor.cpp.o] Error 1
make[1]: *** [CMakeFiles/nodo_receptor.dir/all] Error 2
make[1]: *** Se espera a que terminen otras tareas....
[01m[K/home/luis/catkin_ws/src/beginner_tutorials/src/nodo_emisor.cpp:[m[K In function ‘[01m[Kint main(int, char**)[m[K’:
[01m[K/home/luis/catkin_ws/src/beginner_tutorials/src/nodo_emisor.cpp:13:1:[m[K [01;31m[Kerror: [m[K‘[01m[Kemos[m[K’ was not declared in this scope
 emos llamado (el topic). En este caso es de tipo userInfo y el topic
[01;32m[K ^[m[K
[01m[K/home/luis/catkin_ws/src/beginner_tutorials/src/nodo_emisor.cpp:25:1:[m[K [01;31m[Kerror: [m[K‘[01m[Ken[m[K’ was not declared in this scope
 en este bucle
[01;32m[K ^[m[K
[01m[K/home/luis/catkin_ws/src/beginner_tutorials/src/nodo_emisor.cpp:28:1:[m[K [01;31m[Kerror: [m[K‘[01m[KpublicadorMensajes[m[K’ was not declared in this scope
 publicadorMensajes.publish(mensajeAEnviar);
[01;32m[K ^[m[K
[01m[K/home/luis/catkin_ws/src/beginner_tutorials/src/nodo_emisor.cpp:30:1:[m[K [01;31m[Kerror: [m[K‘[01m[Kuna[m[K’ was not declared in this scope
 una funcion de callback es imprescindible para que se ejecute
[01;32m[K ^[m[K
make[2]: *** [CMakeFiles/nodo_emisor.dir/src/nodo_emisor.cpp.o] Error 1
make[1]: *** [CMakeFiles/nodo_emisor.dir/all] Error 2
make: *** [all] Error 2
