Linked: (/home/luis/catkin_ws/devel/.private/beginner_tutorials/share/beginner_tutorials/cmake/beginner_tutorials-msg-extras.cmake, /home/luis/catkin_ws/devel/share/beginner_tutorials/cmake/beginner_tutorials-msg-extras.cmake)
Linked: (/home/luis/catkin_ws/devel/.private/beginner_tutorials/share/beginner_tutorials/cmake/beginner_tutorialsConfig.cmake, /home/luis/catkin_ws/devel/share/beginner_tutorials/cmake/beginner_tutorialsConfig.cmake)
Linked: (/home/luis/catkin_ws/devel/.private/beginner_tutorials/share/beginner_tutorials/cmake/beginner_tutorials-msg-paths.cmake, /home/luis/catkin_ws/devel/share/beginner_tutorials/cmake/beginner_tutorials-msg-paths.cmake)
Linked: (/home/luis/catkin_ws/devel/.private/beginner_tutorials/share/beginner_tutorials/cmake/beginner_tutorialsConfig-version.cmake, /home/luis/catkin_ws/devel/share/beginner_tutorials/cmake/beginner_tutorialsConfig-version.cmake)
Linked: (/home/luis/catkin_ws/devel/.private/beginner_tutorials/share/gennodejs/ros/beginner_tutorials/_index.js, /home/luis/catkin_ws/devel/share/gennodejs/ros/beginner_tutorials/_index.js)
Linked: (/home/luis/catkin_ws/devel/.private/beginner_tutorials/share/gennodejs/ros/beginner_tutorials/msg/_index.js, /home/luis/catkin_ws/devel/share/gennodejs/ros/beginner_tutorials/msg/_index.js)
Linked: (/home/luis/catkin_ws/devel/.private/beginner_tutorials/share/gennodejs/ros/beginner_tutorials/msg/mensajeTest.js, /home/luis/catkin_ws/devel/share/gennodejs/ros/beginner_tutorials/msg/mensajeTest.js)
Linked: (/home/luis/catkin_ws/devel/.private/beginner_tutorials/share/gennodejs/ros/beginner_tutorials/srv/tipo_servicio.js, /home/luis/catkin_ws/devel/share/gennodejs/ros/beginner_tutorials/srv/tipo_servicio.js)
Linked: (/home/luis/catkin_ws/devel/.private/beginner_tutorials/share/gennodejs/ros/beginner_tutorials/srv/_index.js, /home/luis/catkin_ws/devel/share/gennodejs/ros/beginner_tutorials/srv/_index.js)
Linked: (/home/luis/catkin_ws/devel/.private/beginner_tutorials/share/roseus/ros/beginner_tutorials/manifest.l, /home/luis/catkin_ws/devel/share/roseus/ros/beginner_tutorials/manifest.l)
Linked: (/home/luis/catkin_ws/devel/.private/beginner_tutorials/share/roseus/ros/beginner_tutorials/msg/mensajeTest.l, /home/luis/catkin_ws/devel/share/roseus/ros/beginner_tutorials/msg/mensajeTest.l)
Linked: (/home/luis/catkin_ws/devel/.private/beginner_tutorials/share/roseus/ros/beginner_tutorials/srv/tipo_servicio.l, /home/luis/catkin_ws/devel/share/roseus/ros/beginner_tutorials/srv/tipo_servicio.l)
Linked: (/home/luis/catkin_ws/devel/.private/beginner_tutorials/share/common-lisp/ros/beginner_tutorials/msg/_package_mensajeTest.lisp, /home/luis/catkin_ws/devel/share/common-lisp/ros/beginner_tutorials/msg/_package_mensajeTest.lisp)
Linked: (/home/luis/catkin_ws/devel/.private/beginner_tutorials/share/common-lisp/ros/beginner_tutorials/msg/beginner_tutorials-msg.asd, /home/luis/catkin_ws/devel/share/common-lisp/ros/beginner_tutorials/msg/beginner_tutorials-msg.asd)
Linked: (/home/luis/catkin_ws/devel/.private/beginner_tutorials/share/common-lisp/ros/beginner_tutorials/msg/mensajeTest.lisp, /home/luis/catkin_ws/devel/share/common-lisp/ros/beginner_tutorials/msg/mensajeTest.lisp)
Linked: (/home/luis/catkin_ws/devel/.private/beginner_tutorials/share/common-lisp/ros/beginner_tutorials/msg/_package.lisp, /home/luis/catkin_ws/devel/share/common-lisp/ros/beginner_tutorials/msg/_package.lisp)
Linked: (/home/luis/catkin_ws/devel/.private/beginner_tutorials/share/common-lisp/ros/beginner_tutorials/srv/beginner_tutorials-srv.asd, /home/luis/catkin_ws/devel/share/common-lisp/ros/beginner_tutorials/srv/beginner_tutorials-srv.asd)
Linked: (/home/luis/catkin_ws/devel/.private/beginner_tutorials/share/common-lisp/ros/beginner_tutorials/srv/tipo_servicio.lisp, /home/luis/catkin_ws/devel/share/common-lisp/ros/beginner_tutorials/srv/tipo_servicio.lisp)
Linked: (/home/luis/catkin_ws/devel/.private/beginner_tutorials/share/common-lisp/ros/beginner_tutorials/srv/_package_tipo_servicio.lisp, /home/luis/catkin_ws/devel/share/common-lisp/ros/beginner_tutorials/srv/_package_tipo_servicio.lisp)
Linked: (/home/luis/catkin_ws/devel/.private/beginner_tutorials/share/common-lisp/ros/beginner_tutorials/srv/_package.lisp, /home/luis/catkin_ws/devel/share/common-lisp/ros/beginner_tutorials/srv/_package.lisp)
Linked: (/home/luis/catkin_ws/devel/.private/beginner_tutorials/lib/beginner_tutorials/nodo_cliente, /home/luis/catkin_ws/devel/lib/beginner_tutorials/nodo_cliente)
Linked: (/home/luis/catkin_ws/devel/.private/beginner_tutorials/lib/beginner_tutorials/nodo_servidor, /home/luis/catkin_ws/devel/lib/beginner_tutorials/nodo_servidor)
Linked: (/home/luis/catkin_ws/devel/.private/beginner_tutorials/lib/beginner_tutorials/nodo_receptor, /home/luis/catkin_ws/devel/lib/beginner_tutorials/nodo_receptor)
Linked: (/home/luis/catkin_ws/devel/.private/beginner_tutorials/lib/beginner_tutorials/nodo_emisor, /home/luis/catkin_ws/devel/lib/beginner_tutorials/nodo_emisor)
Linked: (/home/luis/catkin_ws/devel/.private/beginner_tutorials/lib/pkgconfig/beginner_tutorials.pc, /home/luis/catkin_ws/devel/lib/pkgconfig/beginner_tutorials.pc)
Linked: (/home/luis/catkin_ws/devel/.private/beginner_tutorials/lib/python2.7/dist-packages/beginner_tutorials/__init__.py, /home/luis/catkin_ws/devel/lib/python2.7/dist-packages/beginner_tutorials/__init__.py)
Linked: (/home/luis/catkin_ws/devel/.private/beginner_tutorials/lib/python2.7/dist-packages/beginner_tutorials/msg/__init__.py, /home/luis/catkin_ws/devel/lib/python2.7/dist-packages/beginner_tutorials/msg/__init__.py)
Linked: (/home/luis/catkin_ws/devel/.private/beginner_tutorials/lib/python2.7/dist-packages/beginner_tutorials/msg/_mensajeTest.py, /home/luis/catkin_ws/devel/lib/python2.7/dist-packages/beginner_tutorials/msg/_mensajeTest.py)
Linked: (/home/luis/catkin_ws/devel/.private/beginner_tutorials/lib/python2.7/dist-packages/beginner_tutorials/srv/__init__.py, /home/luis/catkin_ws/devel/lib/python2.7/dist-packages/beginner_tutorials/srv/__init__.py)
Linked: (/home/luis/catkin_ws/devel/.private/beginner_tutorials/lib/python2.7/dist-packages/beginner_tutorials/srv/_tipo_servicio.py, /home/luis/catkin_ws/devel/lib/python2.7/dist-packages/beginner_tutorials/srv/_tipo_servicio.py)
Linked: (/home/luis/catkin_ws/devel/.private/beginner_tutorials/include/beginner_tutorials/tipo_servicio.h, /home/luis/catkin_ws/devel/include/beginner_tutorials/tipo_servicio.h)
Linked: (/home/luis/catkin_ws/devel/.private/beginner_tutorials/include/beginner_tutorials/mensajeTest.h, /home/luis/catkin_ws/devel/include/beginner_tutorials/mensajeTest.h)
Linked: (/home/luis/catkin_ws/devel/.private/beginner_tutorials/include/beginner_tutorials/tipo_servicioResponse.h, /home/luis/catkin_ws/devel/include/beginner_tutorials/tipo_servicioResponse.h)
Linked: (/home/luis/catkin_ws/devel/.private/beginner_tutorials/include/beginner_tutorials/tipo_servicioRequest.h, /home/luis/catkin_ws/devel/include/beginner_tutorials/tipo_servicioRequest.h)
