Determining if the pthread_create exist failed with the following output:
Change Dir: /home/luis/catkin_ws/build/offb/CMakeFiles/CMakeTmp

Run Build Command:"/usr/bin/make" "cmTC_2d7c5/fast"
/usr/bin/make -f CMakeFiles/cmTC_2d7c5.dir/build.make CMakeFiles/cmTC_2d7c5.dir/build
make[1]: se entra en el directorio '/home/luis/catkin_ws/build/offb/CMakeFiles/CMakeTmp'
Building C object CMakeFiles/cmTC_2d7c5.dir/CheckSymbolExists.c.o
/usr/bin/cc     -o CMakeFiles/cmTC_2d7c5.dir/CheckSymbolExists.c.o   -c /home/luis/catkin_ws/build/offb/CMakeFiles/CMakeTmp/CheckSymbolExists.c
Linking C executable cmTC_2d7c5
/usr/bin/cmake -E cmake_link_script CMakeFiles/cmTC_2d7c5.dir/link.txt --verbose=1
/usr/bin/cc       CMakeFiles/cmTC_2d7c5.dir/CheckSymbolExists.c.o  -o cmTC_2d7c5 -rdynamic 
CMakeFiles/cmTC_2d7c5.dir/CheckSymbolExists.c.o: En la función `main':
CheckSymbolExists.c:(.text+0x16): referencia a `pthread_create' sin definir
collect2: error: ld returned 1 exit status
CMakeFiles/cmTC_2d7c5.dir/build.make:97: fallo en las instrucciones para el objetivo 'cmTC_2d7c5'
make[1]: *** [cmTC_2d7c5] Error 1
make[1]: se sale del directorio '/home/luis/catkin_ws/build/offb/CMakeFiles/CMakeTmp'
Makefile:126: fallo en las instrucciones para el objetivo 'cmTC_2d7c5/fast'
make: *** [cmTC_2d7c5/fast] Error 2

File /home/luis/catkin_ws/build/offb/CMakeFiles/CMakeTmp/CheckSymbolExists.c:
/* */
#include <pthread.h>

int main(int argc, char** argv)
{
  (void)argv;
#ifndef pthread_create
  return ((int*)(&pthread_create))[argc];
#else
  (void)argc;
  return 0;
#endif
}

Determining if the function pthread_create exists in the pthreads failed with the following output:
Change Dir: /home/luis/catkin_ws/build/offb/CMakeFiles/CMakeTmp

Run Build Command:"/usr/bin/make" "cmTC_9a5f9/fast"
/usr/bin/make -f CMakeFiles/cmTC_9a5f9.dir/build.make CMakeFiles/cmTC_9a5f9.dir/build
make[1]: se entra en el directorio '/home/luis/catkin_ws/build/offb/CMakeFiles/CMakeTmp'
Building C object CMakeFiles/cmTC_9a5f9.dir/CheckFunctionExists.c.o
/usr/bin/cc    -DCHECK_FUNCTION_EXISTS=pthread_create   -o CMakeFiles/cmTC_9a5f9.dir/CheckFunctionExists.c.o   -c /usr/share/cmake-3.5/Modules/CheckFunctionExists.c
Linking C executable cmTC_9a5f9
/usr/bin/cmake -E cmake_link_script CMakeFiles/cmTC_9a5f9.dir/link.txt --verbose=1
/usr/bin/cc   -DCHECK_FUNCTION_EXISTS=pthread_create    CMakeFiles/cmTC_9a5f9.dir/CheckFunctionExists.c.o  -o cmTC_9a5f9 -rdynamic -lpthreads 
/usr/bin/ld: no se puede encontrar -lpthreads
collect2: error: ld returned 1 exit status
CMakeFiles/cmTC_9a5f9.dir/build.make:97: fallo en las instrucciones para el objetivo 'cmTC_9a5f9'
make[1]: *** [cmTC_9a5f9] Error 1
make[1]: se sale del directorio '/home/luis/catkin_ws/build/offb/CMakeFiles/CMakeTmp'
Makefile:126: fallo en las instrucciones para el objetivo 'cmTC_9a5f9/fast'
make: *** [cmTC_9a5f9/fast] Error 2


