[36m--[0m Using CATKIN_DEVEL_PREFIX: /home/luis/catkin_ws/devel/.private/offb
[36m--[0m Using CMAKE_PREFIX_PATH: /home/luis/catkin_ws/devel;/opt/ros/kinetic
[36m--[0m This workspace overlays: /home/luis/catkin_ws/devel;/opt/ros/kinetic
[36m--[0m Using PYTHON_EXECUTABLE: /usr/bin/python
[36m--[0m Using Debian Python package layout
[36m--[0m Using empy: /usr/bin/empy
[36m--[0m Using CATKIN_ENABLE_TESTING: ON
[36m--[0m Call enable_testing()
[36m--[0m Using CATKIN_TEST_RESULTS_DIR: /home/luis/catkin_ws/build/offb/test_results
[36m--[0m Found gmock sources under '/usr/src/gmock': gmock will be built
[36m--[0m Found gtest sources under '/usr/src/gmock': gtests will be built
[36m--[0m Using Python nosetests: /usr/bin/nosetests-2.7
[36m--[0m catkin 0.7.14
[31m[1mCMake Error[0m at /home/luis/catkin_ws/src/offb/CMakeLists.txt:150 (target_link_libraries):
  Cannot specify link libraries for target "offb" which is not built by this
  project.


[36m--[0m Configuring incomplete, errors occurred!
See also "/home/luis/catkin_ws/build/offb/CMakeFiles/CMakeOutput.log".
See also "/home/luis/catkin_ws/build/offb/CMakeFiles/CMakeError.log".
Makefile:922: fallo en las instrucciones para el objetivo 'cmake_check_build_system'
make: *** [cmake_check_build_system] Error 1
