Determining if the pthread_create exist failed with the following output:
Change Dir: /home/luis/catkin_ws/build/beginner_tutorials/CMakeFiles/CMakeTmp

Run Build Command:"/usr/bin/make" "cmTC_2e4fe/fast"
/usr/bin/make -f CMakeFiles/cmTC_2e4fe.dir/build.make CMakeFiles/cmTC_2e4fe.dir/build
make[1]: se entra en el directorio '/home/luis/catkin_ws/build/beginner_tutorials/CMakeFiles/CMakeTmp'
Building C object CMakeFiles/cmTC_2e4fe.dir/CheckSymbolExists.c.o
/usr/bin/cc     -o CMakeFiles/cmTC_2e4fe.dir/CheckSymbolExists.c.o   -c /home/luis/catkin_ws/build/beginner_tutorials/CMakeFiles/CMakeTmp/CheckSymbolExists.c
Linking C executable cmTC_2e4fe
/usr/bin/cmake -E cmake_link_script CMakeFiles/cmTC_2e4fe.dir/link.txt --verbose=1
/usr/bin/cc       CMakeFiles/cmTC_2e4fe.dir/CheckSymbolExists.c.o  -o cmTC_2e4fe -rdynamic 
CMakeFiles/cmTC_2e4fe.dir/CheckSymbolExists.c.o: En la función `main':
CheckSymbolExists.c:(.text+0x16): referencia a `pthread_create' sin definir
collect2: error: ld returned 1 exit status
CMakeFiles/cmTC_2e4fe.dir/build.make:97: fallo en las instrucciones para el objetivo 'cmTC_2e4fe'
make[1]: *** [cmTC_2e4fe] Error 1
make[1]: se sale del directorio '/home/luis/catkin_ws/build/beginner_tutorials/CMakeFiles/CMakeTmp'
Makefile:126: fallo en las instrucciones para el objetivo 'cmTC_2e4fe/fast'
make: *** [cmTC_2e4fe/fast] Error 2

File /home/luis/catkin_ws/build/beginner_tutorials/CMakeFiles/CMakeTmp/CheckSymbolExists.c:
/* */
#include <pthread.h>

int main(int argc, char** argv)
{
  (void)argv;
#ifndef pthread_create
  return ((int*)(&pthread_create))[argc];
#else
  (void)argc;
  return 0;
#endif
}

Determining if the function pthread_create exists in the pthreads failed with the following output:
Change Dir: /home/luis/catkin_ws/build/beginner_tutorials/CMakeFiles/CMakeTmp

Run Build Command:"/usr/bin/make" "cmTC_38a0f/fast"
/usr/bin/make -f CMakeFiles/cmTC_38a0f.dir/build.make CMakeFiles/cmTC_38a0f.dir/build
make[1]: se entra en el directorio '/home/luis/catkin_ws/build/beginner_tutorials/CMakeFiles/CMakeTmp'
Building C object CMakeFiles/cmTC_38a0f.dir/CheckFunctionExists.c.o
/usr/bin/cc    -DCHECK_FUNCTION_EXISTS=pthread_create   -o CMakeFiles/cmTC_38a0f.dir/CheckFunctionExists.c.o   -c /usr/share/cmake-3.5/Modules/CheckFunctionExists.c
Linking C executable cmTC_38a0f
/usr/bin/cmake -E cmake_link_script CMakeFiles/cmTC_38a0f.dir/link.txt --verbose=1
/usr/bin/cc   -DCHECK_FUNCTION_EXISTS=pthread_create    CMakeFiles/cmTC_38a0f.dir/CheckFunctionExists.c.o  -o cmTC_38a0f -rdynamic -lpthreads 
/usr/bin/ld: no se puede encontrar -lpthreads
collect2: error: ld returned 1 exit status
CMakeFiles/cmTC_38a0f.dir/build.make:97: fallo en las instrucciones para el objetivo 'cmTC_38a0f'
make[1]: *** [cmTC_38a0f] Error 1
make[1]: se sale del directorio '/home/luis/catkin_ws/build/beginner_tutorials/CMakeFiles/CMakeTmp'
Makefile:126: fallo en las instrucciones para el objetivo 'cmTC_38a0f/fast'
make: *** [cmTC_38a0f/fast] Error 2


